<?xml version="1.0" encoding="UTF-8"?>
<!-- Generated by org.testng.reporters.JUnitXMLReporter -->
<testsuite hostname="DmitryFRAMEWORK" ignored="0" name="Default test" tests="9" failures="0" timestamp="10 Feb 2017 08:52:29 GMT" time="54.122" errors="0">
  <testcase name="test_01_verify_content_quotes" time="5.395" classname="core.SignUpPageTest"/>
  <testcase name="test_02_verify_content_current_city" time="4.408" classname="core.SignUpPageTest"/>
  <testcase name="test_03_verify_content_current_weather" time="4.435" classname="core.SignUpPageTest"/>
  <testcase name="test_04_verify_content_date" time="4.311" classname="core.SignUpPageTest"/>
  <testcase name="test_05_verify_content_os" time="4.4" classname="core.SignUpPageTest"/>
  <testcase name="test_07_verify_link_facebook" time="7.703" classname="core.SignUpPageTest"/>
  <testcase name="test_08_verify_link_twitter" time="7.88" classname="core.SignUpPageTest"/>
  <testcase name="test_09_verify_link_flick" time="7.75" classname="core.SignUpPageTest"/>
  <testcase name="test_10_verify_link_youtube" time="7.796" classname="core.SignUpPageTest"/>
</testsuite> <!-- Default test -->
