<?xml version="1.0" encoding="UTF-8"?>
<testng-results skipped="0" failed="0" ignored="0" total="9" passed="9">
  <reporter-output>
  </reporter-output>
  <suite name="Default suite" duration-ms="54122" started-at="2017-02-10T08:51:35Z" finished-at="2017-02-10T08:52:29Z">
    <groups>
    </groups>
    <test name="Default test" duration-ms="54122" started-at="2017-02-10T08:51:35Z" finished-at="2017-02-10T08:52:29Z">
      <class name="core.SignUpPageTest">
        <test-method status="PASS" signature="test_01_verify_content_quotes()[pri:0, instance:core.SignUpPageTest@4f7d0008]" name="test_01_verify_content_quotes" duration-ms="5395" started-at="2017-02-10T00:51:35Z" finished-at="2017-02-10T00:51:40Z">
          <reporter-output>
          </reporter-output>
        </test-method> <!-- test_01_verify_content_quotes -->
        <test-method status="PASS" signature="test_02_verify_content_current_city()[pri:0, instance:core.SignUpPageTest@4f7d0008]" name="test_02_verify_content_current_city" duration-ms="4408" started-at="2017-02-10T00:51:40Z" finished-at="2017-02-10T00:51:45Z">
          <reporter-output>
          </reporter-output>
        </test-method> <!-- test_02_verify_content_current_city -->
        <test-method status="PASS" signature="test_03_verify_content_current_weather()[pri:0, instance:core.SignUpPageTest@4f7d0008]" name="test_03_verify_content_current_weather" duration-ms="4435" started-at="2017-02-10T00:51:45Z" finished-at="2017-02-10T00:51:49Z">
          <reporter-output>
          </reporter-output>
        </test-method> <!-- test_03_verify_content_current_weather -->
        <test-method status="PASS" signature="test_04_verify_content_date()[pri:0, instance:core.SignUpPageTest@4f7d0008]" name="test_04_verify_content_date" duration-ms="4311" started-at="2017-02-10T00:51:49Z" finished-at="2017-02-10T00:51:54Z">
          <reporter-output>
          </reporter-output>
        </test-method> <!-- test_04_verify_content_date -->
        <test-method status="PASS" signature="test_05_verify_content_os()[pri:0, instance:core.SignUpPageTest@4f7d0008]" name="test_05_verify_content_os" duration-ms="4400" started-at="2017-02-10T00:51:54Z" finished-at="2017-02-10T00:51:58Z">
          <reporter-output>
          </reporter-output>
        </test-method> <!-- test_05_verify_content_os -->
        <test-method status="PASS" signature="test_07_verify_link_facebook()[pri:0, instance:core.SignUpPageTest@4f7d0008]" name="test_07_verify_link_facebook" duration-ms="7703" started-at="2017-02-10T00:51:58Z" finished-at="2017-02-10T00:52:06Z">
          <reporter-output>
          </reporter-output>
        </test-method> <!-- test_07_verify_link_facebook -->
        <test-method status="PASS" signature="test_08_verify_link_twitter()[pri:0, instance:core.SignUpPageTest@4f7d0008]" name="test_08_verify_link_twitter" duration-ms="7880" started-at="2017-02-10T00:52:06Z" finished-at="2017-02-10T00:52:14Z">
          <reporter-output>
          </reporter-output>
        </test-method> <!-- test_08_verify_link_twitter -->
        <test-method status="PASS" signature="test_09_verify_link_flick()[pri:0, instance:core.SignUpPageTest@4f7d0008]" name="test_09_verify_link_flick" duration-ms="7750" started-at="2017-02-10T00:52:14Z" finished-at="2017-02-10T00:52:21Z">
          <reporter-output>
          </reporter-output>
        </test-method> <!-- test_09_verify_link_flick -->
        <test-method status="PASS" signature="test_10_verify_link_youtube()[pri:0, instance:core.SignUpPageTest@4f7d0008]" name="test_10_verify_link_youtube" duration-ms="7796" started-at="2017-02-10T00:52:21Z" finished-at="2017-02-10T00:52:29Z">
          <reporter-output>
          </reporter-output>
        </test-method> <!-- test_10_verify_link_youtube -->
      </class> <!-- core.SignUpPageTest -->
    </test> <!-- Default test -->
  </suite> <!-- Default suite -->
</testng-results>
